<component name="libraryTable">
  <library name="junit-5.7.1">
    <CLASSES>
      <root url="file://$PROJECT_DIR$/../../../../javaLibraries/junit-5.7.1" />
    </CLASSES>
    <JAVADOC />
    <SOURCES>
      <root url="file://$PROJECT_DIR$/../../../../javaLibraries/junit-5.7.1" />
    </SOURCES>
    <jarDirectory url="file://$PROJECT_DIR$/../../../../javaLibraries/junit-5.7.1" recursive="false" />
    <jarDirectory url="file://$PROJECT_DIR$/../../../../javaLibraries/junit-5.7.1" recursive="false" type="SOURCES" />
  </library>
</component>